{"/Users/anderson.costa/treinamento-gama/meliuzrnts/src/Components/Hello/index.tsx": {"path":"/Users/anderson.costa/treinamento-gama/meliuzrnts/src/Components/Hello/index.tsx","statementMap":{"0":{"start":{"line":5,"column":24},"end":{"line":36,"column":1}},"1":{"start":{"line":6,"column":29},"end":{"line":9,"column":4}},"2":{"start":{"line":10,"column":37},"end":{"line":10,"column":52}},"3":{"start":{"line":11,"column":2},"end":{"line":35,"column":3}},"4":{"start":{"line":16,"column":28},"end":{"line":16,"column":62}},"5":{"start":{"line":22,"column":28},"end":{"line":22,"column":61}},"6":{"start":{"line":27,"column":21},"end":{"line":27,"column":40}}},"fnMap":{"0":{"name":"(anonymous_0)","decl":{"start":{"line":5,"column":24},"end":{"line":5,"column":25}},"loc":{"start":{"line":5,"column":30},"end":{"line":36,"column":1}},"line":5},"1":{"name":"(anonymous_1)","decl":{"start":{"line":16,"column":20},"end":{"line":16,"column":21}},"loc":{"start":{"line":16,"column":28},"end":{"line":16,"column":62}},"line":16},"2":{"name":"(anonymous_2)","decl":{"start":{"line":22,"column":20},"end":{"line":22,"column":21}},"loc":{"start":{"line":22,"column":28},"end":{"line":22,"column":61}},"line":22},"3":{"name":"(anonymous_3)","decl":{"start":{"line":27,"column":15},"end":{"line":27,"column":16}},"loc":{"start":{"line":27,"column":21},"end":{"line":27,"column":40}},"line":27}},"branchMap":{"0":{"loc":{"start":{"line":28,"column":5},"end":{"line":33,"column":5}},"type":"binary-expr","locations":[{"start":{"line":28,"column":5},"end":{"line":28,"column":15}},{"start":{"line":29,"column":6},"end":{"line":32,"column":13}}],"line":28}},"s":{"0":1,"1":7,"2":7,"3":7,"4":1,"5":0,"6":1},"f":{"0":7,"1":1,"2":0,"3":1},"b":{"0":[7,1]},"_coverageSchema":"1a1c01bbd47fc00a2c39e90264f33305004495a9","hash":"31ec14ec054222d51db232f26c7e1f31f7c845b1"}
}
